[35m[1mScanning dependencies of target velocity_keyboard_controller[0m
[ 16%] [32mBuilding CXX object CMakeFiles/velocity_keyboard_controller.dir/src/velocity_keyboard_controller.cpp.o[0m
[ 50%] Built target pub_velocity_controller_command
[ 83%] Built target robot_keyboard
[01m[K/home/lsy/catkin_ws/src/learning/robot_sim_lsy/src/velocity_keyboard_controller.cpp:[m[K In member function '[01m[Kvoid velcmdpub::stopRobot()[m[K':
[01m[K/home/lsy/catkin_ws/src/learning/robot_sim_lsy/src/velocity_keyboard_controller.cpp:93:4:[m[K [01;31m[Kerror: [m[K'[01m[Kvel1[m[K' was not declared in this scope
    [01;31m[Kvel1[m[K.data = 0;
    [01;31m[K^~~~[m[K
[01m[K/home/lsy/catkin_ws/src/learning/robot_sim_lsy/src/velocity_keyboard_controller.cpp:94:4:[m[K [01;31m[Kerror: [m[K'[01m[Kvel2[m[K' was not declared in this scope
    [01;31m[Kvel2[m[K.data = 0;
    [01;31m[K^~~~[m[K
[01m[K/home/lsy/catkin_ws/src/learning/robot_sim_lsy/src/velocity_keyboard_controller.cpp:95:4:[m[K [01;31m[Kerror: [m[K'[01m[Kvel3[m[K' was not declared in this scope
    [01;31m[Kvel3[m[K.data = 0;
    [01;31m[K^~~~[m[K
[01m[K/home/lsy/catkin_ws/src/learning/robot_sim_lsy/src/velocity_keyboard_controller.cpp:96:4:[m[K [01;31m[Kerror: [m[K'[01m[Kvel4[m[K' was not declared in this scope
    [01;31m[Kvel4[m[K.data = 0;
    [01;31m[K^~~~[m[K
CMakeFiles/velocity_keyboard_controller.dir/build.make:62: recipe for target 'CMakeFiles/velocity_keyboard_controller.dir/src/velocity_keyboard_controller.cpp.o' failed
make[2]: *** [CMakeFiles/velocity_keyboard_controller.dir/src/velocity_keyboard_controller.cpp.o] Error 1
CMakeFiles/Makefile2:67: recipe for target 'CMakeFiles/velocity_keyboard_controller.dir/all' failed
make[1]: *** [CMakeFiles/velocity_keyboard_controller.dir/all] Error 2
make: *** [all] Error 2
Makefile:140: recipe for target 'all' failed
